
The 'gcc/4.9.3' module is being loaded

// Initial random seed:
1

// RunInitializeCallbacks():
ERROR (EidosSymbolTable::_GetValue): undefined identifier selfing.

Error on script line 11, character 33:

    initializeMutationType("m1", selfing, "g", -0.00048655*100, 0.185);
                                 ^^^^^^^

The 'gcc/4.9.3' module is being loaded

// Initial random seed:
2

// RunInitializeCallbacks():
ERROR (EidosSymbolTable::_GetValue): undefined identifier selfing.

Error on script line 11, character 33:

    initializeMutationType("m1", selfing, "g", -0.00048655*100, 0.185);
                                 ^^^^^^^

The 'gcc/4.9.3' module is being loaded

// Initial random seed:
3

// RunInitializeCallbacks():
ERROR (EidosSymbolTable::_GetValue): undefined identifier selfing.

Error on script line 11, character 33:

    initializeMutationType("m1", selfing, "g", -0.00048655*100, 0.185);
                                 ^^^^^^^

The 'gcc/4.9.3' module is being loaded

// Initial random seed:
4

// RunInitializeCallbacks():
ERROR (EidosSymbolTable::_GetValue): undefined identifier selfing.

Error on script line 11, character 33:

    initializeMutationType("m1", selfing, "g", -0.00048655*100, 0.185);
                                 ^^^^^^^

The 'gcc/4.9.3' module is being loaded

// Initial random seed:
5

// RunInitializeCallbacks():
ERROR (EidosSymbolTable::_GetValue): undefined identifier selfing.

Error on script line 11, character 33:

    initializeMutationType("m1", selfing, "g", -0.00048655*100, 0.185);
                                 ^^^^^^^

The 'gcc/4.9.3' module is being loaded

// Initial random seed:
6

// RunInitializeCallbacks():
ERROR (EidosSymbolTable::_GetValue): undefined identifier selfing.

Error on script line 11, character 33:

    initializeMutationType("m1", selfing, "g", -0.00048655*100, 0.185);
                                 ^^^^^^^

The 'gcc/4.9.3' module is being loaded

// Initial random seed:
7

// RunInitializeCallbacks():
ERROR (EidosSymbolTable::_GetValue): undefined identifier selfing.

Error on script line 11, character 33:

    initializeMutationType("m1", selfing, "g", -0.00048655*100, 0.185);
                                 ^^^^^^^

The 'gcc/4.9.3' module is being loaded

// Initial random seed:
8

// RunInitializeCallbacks():
ERROR (EidosSymbolTable::_GetValue): undefined identifier selfing.

Error on script line 11, character 33:

    initializeMutationType("m1", selfing, "g", -0.00048655*100, 0.185);
                                 ^^^^^^^

The 'gcc/4.9.3' module is being loaded

// Initial random seed:
9

// RunInitializeCallbacks():
ERROR (EidosSymbolTable::_GetValue): undefined identifier selfing.

Error on script line 11, character 33:

    initializeMutationType("m1", selfing, "g", -0.00048655*100, 0.185);
                                 ^^^^^^^

The 'gcc/4.9.3' module is being loaded

// Initial random seed:
10

// RunInitializeCallbacks():
ERROR (EidosSymbolTable::_GetValue): undefined identifier selfing.

Error on script line 11, character 33:

    initializeMutationType("m1", selfing, "g", -0.00048655*100, 0.185);
                                 ^^^^^^^

The 'gcc/4.9.3' module is being loaded

// Initial random seed:
11

// RunInitializeCallbacks():
ERROR (EidosSymbolTable::_GetValue): undefined identifier selfing.

Error on script line 11, character 33:

    initializeMutationType("m1", selfing, "g", -0.00048655*100, 0.185);
                                 ^^^^^^^

The 'gcc/4.9.3' module is being loaded

// Initial random seed:
13

// RunInitializeCallbacks():
ERROR (EidosSymbolTable::_GetValue): undefined identifier selfing.

Error on script line 11, character 33:

    initializeMutationType("m1", selfing, "g", -0.00048655*100, 0.185);
                                 ^^^^^^^

The 'gcc/4.9.3' module is being loaded

// Initial random seed:
12

// RunInitializeCallbacks():
ERROR (EidosSymbolTable::_GetValue): undefined identifier selfing.

Error on script line 11, character 33:

    initializeMutationType("m1", selfing, "g", -0.00048655*100, 0.185);
                                 ^^^^^^^

The 'gcc/4.9.3' module is being loaded

The 'gcc/4.9.3' module is being loaded

// Initial random seed:
14

// RunInitializeCallbacks():
ERROR (EidosSymbolTable::_GetValue): undefined identifier ERROR (.idosSymbolTable::_GetValue): undefined identifier 
elfing
E
ror on script line Error on scrip33line 1

 character  3:    i  initialtatioizyeMutati,nType("m1", selfing, 0"g",55 -0., 00004865 5*  0  ,  0.185);                   ^^^^^^ ^
        ^^^^^^^

The 'gcc/4.9.3' module is being loaded


The 'gcc/4.9.3' module is being loaded

// Initial random seed:
17

// Initial random seed:
16


ERROR (EidosSymbolTable::_GetERROR (EidosSymbolTable::_Getselfing undefined identifier selfing.
.
rror on script line 
1Error on script line i1n character i3tiali e itnitinTapel"i1"zeselfinu, atg",ion.000T8y5p*e(0,"01"85);
   , sel f    i   n   g, " ", -0.000486^55*100, 0.185);
                                 ^^^^^^^

The 'gcc/4.9.3' module is being loaded

// Initial random seed:
18

// RunInitializeCallbacks():
ERROR (EidosSymbolTable::_GetValue): undefined identifier selfing.

Error on script line 11, character 33

he 'gcc/4.9.3' module is being loaded

    initia// enitial random seed:
19

M/ RunInitializeCallbacks():
uRROR (EidosSymbolTable::_GetValue): undefined identifier selfingcc/4.9.3' module is being loaded
t.o

Error on scriptnline g1, character  3:g

 -0.  0486 5*100, i/ Initial random seed:
20

n/8RunInitializeCallbacks():
iRROR (EidosSymbolTable::_GetValue): undefined identifier 5elfing.;

i
Ea or on script line l i c aracter  3:
  
        iMni  aliue^^MutatiatiyonType("m1e", selfig",g  "g000",6 5*-00, 0.148);6 5   1 00, 0.185);
               ^^ ^^^                   ^^^^^^^

The 'gcc/4.9.3' module is being loaded


The 'gcc/4.9.3' module is being loaded

/ Initial random seed:
21

// RunInitializeCallbacks():
ERROR (EidosSymbolTable::_GetValue): undefined identifier selfing.

Error on script line //, character dom seed:
22

eing loaded
33 RunInitializeCallbacks():
ERROR (EidosSymbolTable::_GetValue): undefined identifier selfi /.Initial random seed:
23

// RunIError on script line 
zRROR (EidosSymbolTable::_GetValue): undefined identifier eelfing.
1a, character pt line 33, character 33:t
io T initi1liitMutiali"eType("on",Typ felfng,1"gng s gl,.-f.00ing5* 8"51*000g", 085);
) 
  -0   .0  004 8 655*  1  0  0,   0 .1 85    ) ;          ^
  ^^^
                               ^^^^^^^

The 'gcc/4.9.3' module is being loaded


The 'gcc/4.9.3' module is being loaded

// Initial random seed:
24

// RunInitializeCallbacks():
// Initial random seed:
25

tValue): undefined identifier // RunI.itializeCallbacks():

RROR (EidosSymbolTable::_Ge// RunInitializeCallbacks():
 ERROR (.idosSymbolTable::_GetValue): undefined identifier selfing

EError on script line11,, character33:


   initiaalli
euuror on script line t1,tcharacter o3:

po  Ty1"( senlt slizlMufi ionTgpe ""01,,  -0fi.g000g48 -0*100400,5*1005)0;
85);        0 0 0  4   8      00   0  85  ;
   ^  ^^   ^^     ^ ^
                  ^^^^^^^

The 'gcc/4.9.3' module is being loaded

// Initial random seed:
27

// RunInitializeCallbacks():
ERROR (EidosSymbolTable::_GetValue): undefined identifier selfing.

Error on script line 11, character 33:

    initializeMutationType("m1", selfing, "g", -0.00048655*100, 0.185);
                                 ^^^^^^^

The 'gcc/4.9.3' module is being loaded

// Initial random seed:
28

// RunInitializeCallbacks():
ERROR (EidosSymbolTable::_GetValue): undefined identifier selfing.

Error on script line 11, character 33:

    initializeMutationType("m1", selfing, "g", -0.00048655*100, 0.185);
                                 ^^^^^^^

The 'gcc/4.9.3' module is being loaded

// Initial random seed:
29

// RunInitializeCallbacks():
ERROR (EidosSymbolTable::_GetValue): undefined identifier selfing.

Error on script line 11, character 33:

    initializeMutationType("m1", selfing, "g", -0.00048655*100, 0.185);
                                 ^^^^^^^

The 'gcc/4.9.3' module is being loaded

// Initial random seed:
30

// RunInitializeCallbacks():
ERROR (EidosSymbolTable::_GetValue): undefined identifier selfing.

Error on script line 11, character 33:

    initializeMutationType("m1", selfing, "g", -0.00048655*100, 0.185);
                                 ^^^^^^^

The 'gcc/4.9.3' module is being loaded

// Initial random seed:
31

// RunInitializeCallbacks():
ERROR (EidosSymbolTable::_GetValue): undefined identifier selfing.

Error on script line 11, character 33:

    initializeMutationType("m1", selfing, "g", -0.00048655*100, 0.185);
                                 ^^^^^^^

The 'gcc/4.9.3' module is being loaded

// Initial random seed:
33

// RunInitializeCallbacks():
ERROR (EidosSymbolTable::_GetValue): undefined identifier selfing.

Error on script line 11, character 33:

    initializeMutationType("m1", selfing, "g", -0.00048655*100, 0.185);
                                 ^^^^^^^

The 'gcc/4.9.3' module is being loaded

// Initial random seed:
32

// RunInitializeCallbacks():
ERROR (EidosSymbolTable::_GetValue): undefined identifier selfing.

Error on script line 11, character 33:

    initializeMutationType("m1", selfing, "g", -0.00048655*100, 0.185);
                                 ^^^^^^^

The 'gcc/4.9.3' module is being loaded

// Initial random seed:
36

// RunInitializeCallbacks():
ERROR (EidosSymbolTable::_GetValue): undefined identifier selfing.

Error on script line 11, character 33:

    initializeMutationType("m1", selfing, "g", -0.00048655*100, 0.185);
                                 ^^^^^^^

The 'gcc/4.9.3' module is being loaded

// Initial random seed:
34

// RunInitializeCallbacks():
ERROR (EidosSymbolTable::_GetValue): undefined identifier selfing.

Error on script line 11, character 33:

    initializeMutationType("m1", selfing, "g", -0.00048655*100, 0.185);
                                 ^^^^^^^

The 'gcc/4.9.3' module is being loaded

// Initial random seed:
35

// RunInitializeCallbacks():
ERROR (EidosSymbolTable::_GetValue): undefined identifier selfing.

Error on script line 11, character 33:

    initializeMutationType("m1", selfing, "g", -0.00048655*100, 0.185);
                                 ^^^^^^^

The 'gcc/4.9.3' module is being loaded

// Initial random seed:
38

// RunInitializeCallbacks():
ERROR (EidosSymbolTable::_GetValue): undefined identifier selfing.

Error on script line 11, character 33:

    initializeMutationType("m1", selfing, "g", -0.00048655*100, 0.185);
                                 ^^^^^^^

The 'gcc/4.9.3' module is being loaded

// Initial random seed:
37

// RunInitializeCallbacks():
ERROR (EidosSymbolTable::_GetValue): undefined identifier selfing.

Error on script line 11, character 33:

    initializeMutationType("m1", selfing, "g", -0.00048655*100, 0.185);
                                 ^^^^^^^

The 'gcc/4.9.3' module is being loaded

// Initial random seed:
40

// RunInitializeCallbacks():
ERROR (EidosSymbolTable::_GetValue): undefined identifier selfing.

Error on script line 11, character 33:

    initializeMutationType("m1", selfing, "g", -0.00048655*100, 0.185);
                                 ^^^^^^^

The 'gcc/4.9.3' module is being loaded

// Initial random seed:
39

// RunInitializeCallbacks():
ERROR (EidosSymbolTable::_GetValue): undefined identifier selfing.

Error on script line 11, character 33:

    initializeMutationType("m1", selfing, "g", -0.00048655*100, 0.185);
                                 ^^^^^^^

The 'gcc/4.9.3' module is being loaded

// Initial random seed:
42

// RunInitializeCallbacks():
ERROR (EidosSymbolTable::_GetValue): undefined identifier selfing.

Error on script line 11, character 33:

    initializeMutationType("m1", selfing, "g", -0.00048655*100, 0.185);
                                 ^^^^^^^

The 'gcc/4.9.3' module is being loaded

// Initial random seed:
41

// RunInitializeCallbacks():
ERROR (EidosSymbolTable::_GetValue): undefined identifier selfing.

Error on script line 11, character 33:

    initializeMutationType("m1", selfing, "g", -0.00048655*100, 0.185);
                                 ^^^^^^^

The 'gcc/4.9.3' module is being loaded

// Initial random seed:
44

// RunInitializeCallbacks():
ERROR (EidosSymbolTable::_GetValue): undefined identifier selfing.
The 'gcc/4.9.3' module is being loaded

Error on script line 11, character 33:

  /  Initial random seed:
43

i/ RunInitializeCallbacks():
ERtOR (EidosSymbolTable::_GetValue): undefined identifier ielfing.
iz
Ertor on script line a1t character i3o

   (" 1inisetfiia,lig"z eMu00tat655ionTy pe(85);" m1 ",  s     g  ,             " ^",^^^^ 
-0.00048655*100, 0.185);
                                 ^^^^^^^

The 'gcc/4.9.3' module is being loaded

// Initial random seed:
45

// RunInitializeCallbacks():
ERROR (EidosSymbolTable::_GetValue): undefined identifier selfing.

Error on script line 11, character 33:

    initializeMutationType("m1", selfing, "g", -0.00048655*100, 0.185);
                                 ^^^^^^^

The 'gcc/4.9.3' module is being loaded

// Initial random seed:
46

// RunInitializeCallbacks():
ERROR (EidosSymbolTable::_GetValue): undefined identifier selfing.

Error on script line 11, character 33:

    initializeMutationType("m1", selfing, "g", -0.00048655*100, 0.185);
                                 ^^^^^^^

The 'gcc/4.9.3' module is being loaded

// Initial random seed:
47

// RunInitializeCallbacks():
ERROR (EidosSymbolTable::_GetValue): undefined identifier selfing.

Error on script line 11, character 33:

    initializeMutationType("m1", selfing, "g", -0.00048655*100, 0.185);
                                 ^^^^^^^

The 'gcc/4.9.3' module is being loaded

// Initial random seed:
48

// RunInitializeCallbacks():
ERROR (EidosSymbolTable::_GetValue): undefined identifier selfing.

Error on script line 11, character 33:

    initializeMutationType("m1", selfing, "g", -0.00048655*100, 0.185);
                                 ^^^^^^^

The 'gcc/4.9.3' module is being loaded

// Initial random seed:
49

// RunInitializeCallbacks():
ERROR (EidosSymbolTable::_GetValue): undefined identifier selfing.

Error on script line 11, character 33:

    initializeMutationType("m1", selfing, "g", -0.00048655*100, 0.185);
                                 ^^^^^^^

The 'gcc/4.9.3' module is being loaded

// Initial random seed:
50

// RunInitializeCallbacks():
ERROR (EidosSymbolTable::_GetValue): undefined identifier selfing.

Error on script line 11, character 33:

    initializeMutationType("m1", selfing, "g", -0.00048655*100, 0.185);
                                 ^^^^^^^

The 'gcc/4.9.3' module is being loaded

// Initial random seed:
51

// RunInitializeCallbacks():
ERROR (EidosSymbolTable::_GetValue): undefined identifier selfing.

Error on script line 11, character 33:

    initializeMutationType("m1", selfing, "g", -0.00048655*100, 0.185);
                                 ^^^^^^^

The 'gcc/4.9.3' module is being loaded

// Initial random seed:
52

// RunInitializeCallbacks():
ERROR (EidosSymbolTable::_GetValue): undefined identifier selfing.

Error on script line 11, character 33:

    initializeMutationType("m1", selfing, "g", -0.00048655*100, 0.185);
                                 ^^^^^^^

The 'gcc/4.9.3' module is being loaded

// Initial random seed:
53

// RunInitializeCallbacks():
ERROR (EidosSymbolTable::_GetValue): undefined identifier selfing.

Error on script line 11, character 33:

    initializeMutationType("m1", selfing, "g", -0.00048655*100, 0.185);
                                 ^^^^^^^

The 'gcc/4.9.3' module is being loaded

// Initial random seed:
54

// RunInitializeCallbacks():
ERROR (EidosSymbolTable::_GetValue): undefined identifier selfing.

Error on script line 11, character 33:

    initializeMutationType("m1", selfing, "g", -0.00048655*100, 0.185);
                                 ^^^^^^^

The 'gcc/4.9.3' module is being loaded

// Initial random seed:
55

// RunInitializeCallbacks():
ERROR (EidosSymbolTable::_GetValue): undefined identifier selfing.

Error on script line 11, character 33:

    initializeMutationType("m1", selfing, "g", -0.00048655*100, 0.185);
                                 ^^^^^^^

The 'gcc/4.9.3' module is being loaded

// Initial random seed:
56

// RunInitializeCallbacks():
ERROR (EidosSymbolTable::_GetValue): undefined identifier selfing.

Error on script line 11, character 33:

    initializeMutationType("m1", selfing, "g", -0.00048655*100, 0.185);
                                 ^^^^^^^

The 'gcc/4.9.3' module is being loaded

// Initial random seed:
57

// RunInitializeCallbacks():
ERROR (EidosSymbolTable::_GetValue): undefined identifier selfing.

Error on script line 11, character 33:

    initializeMutationType("m1", selfing, "g", -0.00048655*100, 0.185);
                                 ^^^^^^^

The 'gcc/4.9.3' module is being loaded

// Initial random seed:
58

// RunInitializeCallbacks():
ERROR (EidosSymbolTable::_GetValue): undefined identifier selfing.

Error on script line 11, character 33:

    initializeMutationType("m1", selfing, "g", -0.00048655*100, 0.185);
                                 ^^^^^^^

The 'gcc/4.9.3' module is being loaded

// Initial random seed:
59

// RunInitializeCallbacks():
ERROR (EidosSymbolTable::_GetValue): undefined identifier selfing.

Error on script line 11, character 33:

    initializeMutationType("m1", selfing, "g", -0.00048655*100, 0.185);
                                 ^^^^^^^

The 'gcc/4.9.3' module is being loaded

// Initial random seed:
60

// RunInitializeCallbacks():
ERROR (EidosSymbolTable::_GetValue): undefined identifier selfing.

Error on script line 11, character 33:

    initializeMutationType("m1", selfing, "g", -0.00048655*100, 0.185);
                                 ^^^^^^^

The 'gcc/4.9.3' module is being loaded

// Initial random seed:
61

// RunInitializeCallbacks():
ERROR (EidosSymbolTable::_GetValue): undefined identifier selfing.

Error on script line 11, character 33:

    initializeMutationType("m1", selfing, "g", -0.00048655*100, 0.185);
                                 ^^^^^^^

The 'gcc/4.9.3' module is being loaded

// Initial random seed:
62

// RunInitializeCallbacks():
ERROR (EidosSymbolTable::_GetValue): undefined identifier selfing.

Error on script line 11, character 33:

    initializeMutationType("m1", selfing, "g", -0.00048655*100, 0.185);
                                 ^^^^^^^

The 'gcc/4.9.3' module is being loaded

// Initial random seed:
63

// RunInitializeCallbacks():
ERROR (EidosSymbolTable::_GetValue): undefined identifier selfing.

Error on script line 11, character 33:

    initializeMutationType("m1", selfing, "g", -0.00048655*100, 0.185);
                                 ^^^^^^^
